<?xml version="1.0" encoding="UTF-8"?>
<!-- Generated by org.testng.reporters.JUnitReportReporter -->
<testsuite hostname="MohamedPass" failures="0" tests="2" name="TestRunner.CucumberTestRunnerForTags" time="0.081" errors="0" timestamp="2025-03-27T18:25:46 EDT" skipped="0">
  <testcase classname="TestRunner.CucumberTestRunnerForTags" name="runScenario" time="0.077"/>
  <system-out/>
  <testcase classname="TestRunner.CucumberTestRunnerForTags" name="runScenario" time="0.004"/>
  <system-out/>
</testsuite> <!-- TestRunner.CucumberTestRunnerForTags -->
