<?xml version="1.0" encoding="UTF-8"?>
<!-- Generated by org.testng.reporters.JUnitReportReporter -->
<testsuite hostname="MohamedPass" failures="0" tests="1" name="TestRunner.CucumberTestRunner" time="6.012" errors="0" timestamp="2025-03-27T19:37:46 EDT" skipped="0">
  <testcase classname="TestRunner.CucumberTestRunner" name="runScenario" time="6.012"/>
  <system-out/>
</testsuite> <!-- TestRunner.CucumberTestRunner -->
